<?xml version="1.0" encoding="UTF-8" ?>
<testsuite tests="3" failures="0" name="TestSuite" time="10.594" errors="0" skipped="0">
  <properties>
    <property name="java.runtime.name" value="Java(TM) SE Runtime Environment"/>
    <property name="sun.boot.library.path" value="/Library/Java/JavaVirtualMachines/jdk1.8.0_66.jdk/Contents/Home/jre/lib"/>
    <property name="java.vm.version" value="25.66-b17"/>
    <property name="gopherProxySet" value="false"/>
    <property name="java.vm.vendor" value="Oracle Corporation"/>
    <property name="java.vendor.url" value="http://java.oracle.com/"/>
    <property name="path.separator" value=":"/>
    <property name="java.vm.name" value="Java HotSpot(TM) 64-Bit Server VM"/>
    <property name="file.encoding.pkg" value="sun.io"/>
    <property name="user.country" value="CN"/>
    <property name="sun.java.launcher" value="SUN_STANDARD"/>
    <property name="sun.os.patch.level" value="unknown"/>
    <property name="java.vm.specification.name" value="Java Virtual Machine Specification"/>
    <property name="user.dir" value="/Users/chaijin/CJgit/AutoTesting"/>
    <property name="java.runtime.version" value="1.8.0_66-b17"/>
    <property name="java.awt.graphicsenv" value="sun.awt.CGraphicsEnvironment"/>
    <property name="basedir" value="/Users/chaijin/CJgit/AutoTesting"/>
    <property name="java.endorsed.dirs" value="/Library/Java/JavaVirtualMachines/jdk1.8.0_66.jdk/Contents/Home/jre/lib/endorsed"/>
    <property name="os.arch" value="x86_64"/>
    <property name="surefire.real.class.path" value="/var/folders/db/3k6ypfpx08jd70xqv2q0dhkc0000gn/T/surefirebooter8488709936389075680.jar"/>
    <property name="java.io.tmpdir" value="/var/folders/db/3k6ypfpx08jd70xqv2q0dhkc0000gn/T/"/>
    <property name="line.separator" value="
"/>
    <property name="java.vm.specification.vendor" value="Oracle Corporation"/>
    <property name="os.name" value="Mac OS X"/>
    <property name="sun.jnu.encoding" value="UTF-8"/>
    <property name="java.library.path" value="/Users/chaijin/Library/Java/Extensions:/Library/Java/Extensions:/Network/Library/Java/Extensions:/System/Library/Java/Extensions:/usr/lib/java:."/>
    <property name="surefire.test.class.path" value="/Users/chaijin/CJgit/AutoTesting/target/test-classes:/Users/chaijin/CJgit/AutoTesting/target/classes:/Users/chaijin/.m2/repository/org/testng/testng/6.8/testng-6.8.jar:/Users/chaijin/.m2/repository/junit/junit/4.10/junit-4.10.jar:/Users/chaijin/.m2/repository/org/hamcrest/hamcrest-core/1.1/hamcrest-core-1.1.jar:/Users/chaijin/.m2/repository/org/beanshell/bsh/2.0b4/bsh-2.0b4.jar:/Users/chaijin/.m2/repository/com/beust/jcommander/1.27/jcommander-1.27.jar:/Users/chaijin/.m2/repository/org/yaml/snakeyaml/1.6/snakeyaml-1.6.jar:/Users/chaijin/.m2/repository/com/alibaba/fastjson/1.2.28/fastjson-1.2.28.jar:/Users/chaijin/.m2/repository/org/apache/httpcomponents/httpclient/4.5.2/httpclient-4.5.2.jar:/Users/chaijin/.m2/repository/commons-logging/commons-logging/1.2/commons-logging-1.2.jar:/Users/chaijin/.m2/repository/commons-codec/commons-codec/1.9/commons-codec-1.9.jar:/Users/chaijin/.m2/repository/org/apache/httpcomponents/httpcore/4.4.4/httpcore-4.4.4.jar:/Users/chaijin/.m2/repository/org/apache/httpcomponents/httpmime/4.2/httpmime-4.2.jar:"/>
    <property name="java.specification.name" value="Java Platform API Specification"/>
    <property name="java.class.version" value="52.0"/>
    <property name="sun.management.compiler" value="HotSpot 64-Bit Tiered Compilers"/>
    <property name="os.version" value="10.12"/>
    <property name="user.home" value="/Users/chaijin"/>
    <property name="user.timezone" value="Asia/Shanghai"/>
    <property name="java.awt.printerjob" value="sun.lwawt.macosx.CPrinterJob"/>
    <property name="java.specification.version" value="1.8"/>
    <property name="file.encoding" value="UTF-8"/>
    <property name="user.name" value="chaijin"/>
    <property name="java.class.path" value="/Users/chaijin/CJgit/AutoTesting/target/test-classes:/Users/chaijin/CJgit/AutoTesting/target/classes:/Users/chaijin/.m2/repository/org/testng/testng/6.8/testng-6.8.jar:/Users/chaijin/.m2/repository/junit/junit/4.10/junit-4.10.jar:/Users/chaijin/.m2/repository/org/hamcrest/hamcrest-core/1.1/hamcrest-core-1.1.jar:/Users/chaijin/.m2/repository/org/beanshell/bsh/2.0b4/bsh-2.0b4.jar:/Users/chaijin/.m2/repository/com/beust/jcommander/1.27/jcommander-1.27.jar:/Users/chaijin/.m2/repository/org/yaml/snakeyaml/1.6/snakeyaml-1.6.jar:/Users/chaijin/.m2/repository/com/alibaba/fastjson/1.2.28/fastjson-1.2.28.jar:/Users/chaijin/.m2/repository/org/apache/httpcomponents/httpclient/4.5.2/httpclient-4.5.2.jar:/Users/chaijin/.m2/repository/commons-logging/commons-logging/1.2/commons-logging-1.2.jar:/Users/chaijin/.m2/repository/commons-codec/commons-codec/1.9/commons-codec-1.9.jar:/Users/chaijin/.m2/repository/org/apache/httpcomponents/httpcore/4.4.4/httpcore-4.4.4.jar:/Users/chaijin/.m2/repository/org/apache/httpcomponents/httpmime/4.2/httpmime-4.2.jar:"/>
    <property name="java.vm.specification.version" value="1.8"/>
    <property name="sun.arch.data.model" value="64"/>
    <property name="java.home" value="/Library/Java/JavaVirtualMachines/jdk1.8.0_66.jdk/Contents/Home/jre"/>
    <property name="sun.java.command" value="/var/folders/db/3k6ypfpx08jd70xqv2q0dhkc0000gn/T/surefirebooter8488709936389075680.jar /var/folders/db/3k6ypfpx08jd70xqv2q0dhkc0000gn/T/surefire606781861810816222tmp /var/folders/db/3k6ypfpx08jd70xqv2q0dhkc0000gn/T/surefire3016829861110175573tmp"/>
    <property name="java.specification.vendor" value="Oracle Corporation"/>
    <property name="user.language" value="zh"/>
    <property name="awt.toolkit" value="sun.lwawt.macosx.LWCToolkit"/>
    <property name="java.vm.info" value="mixed mode"/>
    <property name="java.version" value="1.8.0_66"/>
    <property name="java.ext.dirs" value="/Users/chaijin/Library/Java/Extensions:/Library/Java/JavaVirtualMachines/jdk1.8.0_66.jdk/Contents/Home/jre/lib/ext:/Library/Java/Extensions:/Network/Library/Java/Extensions:/System/Library/Java/Extensions:/usr/lib/java"/>
    <property name="sun.boot.class.path" value="/Library/Java/JavaVirtualMachines/jdk1.8.0_66.jdk/Contents/Home/jre/lib/resources.jar:/Library/Java/JavaVirtualMachines/jdk1.8.0_66.jdk/Contents/Home/jre/lib/rt.jar:/Library/Java/JavaVirtualMachines/jdk1.8.0_66.jdk/Contents/Home/jre/lib/sunrsasign.jar:/Library/Java/JavaVirtualMachines/jdk1.8.0_66.jdk/Contents/Home/jre/lib/jsse.jar:/Library/Java/JavaVirtualMachines/jdk1.8.0_66.jdk/Contents/Home/jre/lib/jce.jar:/Library/Java/JavaVirtualMachines/jdk1.8.0_66.jdk/Contents/Home/jre/lib/charsets.jar:/Library/Java/JavaVirtualMachines/jdk1.8.0_66.jdk/Contents/Home/jre/lib/jfr.jar:/Library/Java/JavaVirtualMachines/jdk1.8.0_66.jdk/Contents/Home/jre/classes"/>
    <property name="java.vendor" value="Oracle Corporation"/>
    <property name="localRepository" value="/Users/chaijin/.m2/repository"/>
    <property name="file.separator" value="/"/>
    <property name="java.vendor.url.bug" value="http://bugreport.sun.com/bugreport/"/>
    <property name="sun.cpu.endian" value="little"/>
    <property name="sun.io.unicode.encoding" value="UnicodeBig"/>
    <property name="sun.cpu.isalist" value=""/>
  </properties>
  <testcase classname="com.testChaijin.TestDemo1" name="testCase2" time="0.145"/>
  <testcase classname="com.testChaijin.TestDemo1" name="testCase3" time="0.014"/>
  <testcase classname="com.testChaijin.TestDemo1" name="testcase1" time="0.004"/>
</testsuite>