<?xml version="1.0" encoding="UTF-8"?>
<!-- Generated by org.testng.reporters.JUnitReportReporter -->
<testsuite hostname="chaijindemacbook.local" name="com.testChaijin.TestDemo1" tests="3" failures="0" timestamp="8 Oct 2017 15:55:05 GMT" time="0.154" errors="0">
  <testcase name="testCase2" time="0.136" classname="com.testChaijin.TestDemo1"/>
  <testcase name="testCase3" time="0.014" classname="com.testChaijin.TestDemo1"/>
  <testcase name="testcase1" time="0.004" classname="com.testChaijin.TestDemo1"/>
</testsuite> <!-- com.testChaijin.TestDemo1 -->
